<?xml version="1.0" encoding="UTF-8"?>
<!-- Generated by org.testng.reporters.JUnitReportReporter -->
<testsuite hostname="IdeaPad3-15IIL05" failures="0" tests="3" name="groupTest.NewTest3" time="0.005" errors="0" timestamp="2023-08-10T10:32:35 IST" skipped="0">
  <testcase classname="groupTest.NewTest3" name="test7" time="0.001"/>
  <testcase classname="groupTest.NewTest3" name="test9" time="0.002"/>
  <testcase classname="groupTest.NewTest3" name="test8" time="0.002"/>
</testsuite> <!-- groupTest.NewTest3 -->
