<?xml version="1.0" encoding="UTF-8"?>
<!-- Generated by org.testng.reporters.JUnitReportReporter -->
<testsuite hostname="IdeaPad3-15IIL05" failures="0" tests="1" name="com.google.www.FirstTest" time="22.120" errors="0" timestamp="2023-08-08T09:46:05 IST" skipped="0">
  <testcase classname="com.google.www.FirstTest" name="testGoogle" time="22.120"/>
</testsuite> <!-- com.google.www.FirstTest -->
