<?xml version="1.0" encoding="UTF-8"?>
<!-- Generated by org.testng.reporters.JUnitReportReporter -->
<testsuite hostname="IdeaPad3-15IIL05" failures="0" tests="3" name="ignoreTest.NewTest2" time="0.014" errors="0" timestamp="2023-08-08T09:49:17 IST" skipped="1">
  <testcase classname="ignoreTest.NewTest2" name="test4" time="0.013"/>
  <testcase classname="ignoreTest.NewTest2" name="test6" time="0.001"/>
  <testcase classname="ignoreTest.NewTest2" name="test5">
    <skipped/>
  </testcase> <!-- test5 -->
</testsuite> <!-- ignoreTest.NewTest2 -->
