<?xml version="1.0" encoding="UTF-8"?>
<!-- Generated by org.testng.reporters.JUnitReportReporter -->
<testsuite hostname="IdeaPad3-15IIL05" failures="0" tests="3" name="invocation.ThreadPollSize" time="42.885" errors="0" timestamp="2023-08-16T11:34:24 IST" skipped="0">
  <testcase classname="invocation.ThreadPollSize" name="testmethod3" time="15.258"/>
  <testcase classname="invocation.ThreadPollSize" name="testmethod3" time="12.241"/>
  <testcase classname="invocation.ThreadPollSize" name="testmethod3" time="15.386"/>
</testsuite> <!-- invocation.ThreadPollSize -->
