<?xml version="1.0" encoding="UTF-8"?>
<!-- Generated by org.testng.reporters.JUnitReportReporter -->
<testsuite hostname="IdeaPad3-15IIL05" failures="0" tests="2" name="groupTest.NewTest1" time="0.009" errors="0" timestamp="2023-08-08T10:54:55 IST" skipped="0">
  <testcase classname="groupTest.NewTest1" name="test3" time="0.002"/>
  <testcase classname="groupTest.NewTest1" name="test1" time="0.007"/>
</testsuite> <!-- groupTest.NewTest1 -->
