<?xml version="1.0" encoding="UTF-8"?>
<!-- Generated by org.testng.reporters.JUnitReportReporter -->
<testsuite hostname="IdeaPad3-15IIL05" failures="0" tests="4" name="parallelExecution.TestClass4" time="0.008" errors="0" timestamp="2023-08-16T17:56:31 IST" skipped="0">
  <testcase classname="parallelExecution.TestClass4" name="testMethod12" time="0.001"/>
  <testcase classname="parallelExecution.TestClass4" name="testMethod13" time="0.001"/>
  <testcase classname="parallelExecution.TestClass4" name="testMethod14" time="0.003"/>
  <testcase classname="parallelExecution.TestClass4" name="testMethod15" time="0.003"/>
</testsuite> <!-- parallelExecution.TestClass4 -->
