<?xml version="1.0" encoding="UTF-8"?>
<!-- Generated by org.testng.reporters.JUnitReportReporter -->
<testsuite hostname="IdeaPad3-15IIL05" failures="0" tests="3" name="parallelExecution.TestClass2" time="0.014" errors="0" timestamp="2023-08-16T17:56:31 IST" skipped="0">
  <testcase classname="parallelExecution.TestClass2" name="testMethod5" time="0.008"/>
  <testcase classname="parallelExecution.TestClass2" name="testMethod6" time="0.003"/>
  <testcase classname="parallelExecution.TestClass2" name="testMethod7" time="0.003"/>
</testsuite> <!-- parallelExecution.TestClass2 -->
