<?xml version="1.0" encoding="UTF-8"?>
<!-- Generated by org.testng.reporters.JUnitReportReporter -->
<testsuite hostname="IdeaPad3-15IIL05" failures="0" tests="3" name="groupTest.NewTest2" time="0.004" errors="0" timestamp="2023-08-13T12:01:39 IST" skipped="0">
  <testcase classname="groupTest.NewTest2" name="test6" time="0.001"/>
  <testcase classname="groupTest.NewTest2" name="test5" time="0.002"/>
  <testcase classname="groupTest.NewTest2" name="test4" time="0.001"/>
</testsuite> <!-- groupTest.NewTest2 -->
