<?xml version="1.0" encoding="UTF-8"?>
<!-- Generated by org.testng.reporters.JUnitReportReporter -->
<testsuite hostname="IdeaPad3-15IIL05" failures="0" tests="4" name="parallelExecution.TestClass3" time="0.007" errors="0" timestamp="2023-08-16T17:56:31 IST" skipped="0">
  <testcase classname="parallelExecution.TestClass3" name="testMethod10" time="0.002"/>
  <testcase classname="parallelExecution.TestClass3" name="testMethod8" time="0.001"/>
  <testcase classname="parallelExecution.TestClass3" name="testMethod9" time="0.002"/>
  <testcase classname="parallelExecution.TestClass3" name="testMethod11" time="0.002"/>
</testsuite> <!-- parallelExecution.TestClass3 -->
