<?xml version="1.0" encoding="UTF-8"?>
<!-- Generated by org.testng.reporters.JUnitReportReporter -->
<testsuite hostname="IdeaPad3-15IIL05" failures="0" tests="6" name="com.google.www.PriorityTest" time="0.017" errors="0" timestamp="2023-08-08T09:33:04 IST" skipped="0">
  <testcase classname="com.google.www.PriorityTest" name="logout" time="0.010"/>
  <testcase classname="com.google.www.PriorityTest" name="login" time="0.002"/>
  <testcase classname="com.google.www.PriorityTest" name="searchForTheFlight" time="0.001"/>
  <testcase classname="com.google.www.PriorityTest" name="BookTheFlight" time="0.002"/>
  <testcase classname="com.google.www.PriorityTest" name="SignUp" time="0.001"/>
  <testcase classname="com.google.www.PriorityTest" name="SaveTheTicket" time="0.001"/>
</testsuite> <!-- com.google.www.PriorityTest -->
