<?xml version="1.0" encoding="UTF-8"?>
<!-- Generated by org.testng.reporters.JUnitReportReporter -->
<testsuite hostname="IdeaPad3-15IIL05" failures="0" tests="4" name="dataProvider.DataProviderPartially" time="0.012" errors="0" timestamp="2023-08-15T15:22:11 IST" skipped="0">
  <testcase classname="dataProvider.DataProviderPartially" name="testLogin" time="0.001"/>
  <testcase classname="dataProvider.DataProviderPartially" name="testLogin" time="0.007"/>
  <testcase classname="dataProvider.DataProviderPartially" name="testLogin" time="0.001"/>
  <testcase classname="dataProvider.DataProviderPartially" name="testLogin" time="0.003"/>
</testsuite> <!-- dataProvider.DataProviderPartially -->
