<?xml version="1.0" encoding="UTF-8"?>
<!-- Generated by org.testng.reporters.JUnitReportReporter -->
<testsuite hostname="IdeaPad3-15IIL05" failures="0" tests="3" name="ignoreTest.NewTest1" time="0.010" errors="0" timestamp="2023-08-08T09:56:53 IST" skipped="1">
  <testcase classname="ignoreTest.NewTest1" name="test2" time="0.009"/>
  <testcase classname="ignoreTest.NewTest1" name="test3" time="0.001"/>
  <testcase classname="ignoreTest.NewTest1" name="test1">
    <skipped/>
  </testcase> <!-- test1 -->
</testsuite> <!-- ignoreTest.NewTest1 -->
