<?xml version="1.0" encoding="UTF-8"?>
<!-- Generated by org.testng.reporters.JUnitReportReporter -->
<testsuite hostname="IdeaPad3-15IIL05" failures="0" tests="4" name="parallelExecution.TestClass1" time="0.016" errors="0" timestamp="2023-08-16T17:56:31 IST" skipped="0">
  <testcase classname="parallelExecution.TestClass1" name="testMethod2" time="0.003"/>
  <testcase classname="parallelExecution.TestClass1" name="testMethod4" time="0.002"/>
  <testcase classname="parallelExecution.TestClass1" name="testMethod1" time="0.008"/>
  <testcase classname="parallelExecution.TestClass1" name="testMethod3" time="0.003"/>
</testsuite> <!-- parallelExecution.TestClass1 -->
