<?xml version="1.0" encoding="UTF-8"?>
<!-- Generated by org.testng.reporters.JUnitReportReporter -->
<testsuite hostname="IdeaPad3-15IIL05" failures="0" tests="3" name="invocation.InvocationCount" time="41.708" errors="0" timestamp="2023-08-16T11:26:23 IST" skipped="0">
  <testcase classname="invocation.InvocationCount" name="testMethod1" time="14.254"/>
  <testcase classname="invocation.InvocationCount" name="testMethod1" time="12.769"/>
  <testcase classname="invocation.InvocationCount" name="testMethod1" time="14.685"/>
</testsuite> <!-- invocation.InvocationCount -->
