<?xml version="1.0" encoding="UTF-8"?>
<!-- Generated by org.testng.reporters.JUnitReportReporter -->
<testsuite hostname="IdeaPad3-15IIL05" failures="0" tests="3" name="ignoreTest.NewTest3" time="0.008" errors="0" timestamp="2023-08-29T15:53:11 IST" skipped="2">
  <testcase classname="ignoreTest.NewTest3" name="test9" time="0.008"/>
  <testcase classname="ignoreTest.NewTest3" name="test8">
    <skipped/>
  </testcase> <!-- test8 -->
  <testcase classname="ignoreTest.NewTest3" name="test7">
    <skipped/>
  </testcase> <!-- test7 -->
</testsuite> <!-- ignoreTest.NewTest3 -->
