<?xml version="1.0" encoding="UTF-8"?>
<!-- Generated by org.testng.reporters.JUnitReportReporter -->
<testsuite hostname="IdeaPad3-15IIL05" failures="0" tests="2" name="com.google.www.PriorityTest" time="0.010" errors="0" timestamp="2023-08-29T15:48:38 IST" skipped="0">
  <testcase classname="com.google.www.PriorityTest" name="Sogin" time="0.002"/>
  <testcase classname="com.google.www.PriorityTest" name="SignUp" time="0.008"/>
</testsuite> <!-- com.google.www.PriorityTest -->
